<?xml version="1.0" encoding="UTF-8"?>
<!-- Generated by org.testng.reporters.JUnitReportReporter -->
<testsuite hostname="SarthakDell" failures="1" tests="15" name="com.tutorialsNinja.Runner_Files.Runner_TestNG" time="91.148" errors="0" timestamp="2024-03-19T20:51:45 EDT" skipped="0">
  <testcase classname="com.tutorialsNinja.Runner_Files.Runner_TestNG" name="runScenario" time="6.703"/>
  <testcase classname="com.tutorialsNinja.Runner_Files.Runner_TestNG" name="runScenario" time="6.094"/>
  <testcase classname="com.tutorialsNinja.Runner_Files.Runner_TestNG" name="runScenario" time="5.167"/>
  <testcase classname="com.tutorialsNinja.Runner_Files.Runner_TestNG" name="runScenario" time="5.893"/>
  <testcase classname="com.tutorialsNinja.Runner_Files.Runner_TestNG" name="runScenario" time="6.543"/>
  <testcase classname="com.tutorialsNinja.Runner_Files.Runner_TestNG" name="runScenario" time="6.020"/>
  <testcase classname="com.tutorialsNinja.Runner_Files.Runner_TestNG" name="runScenario" time="6.252"/>
  <testcase classname="com.tutorialsNinja.Runner_Files.Runner_TestNG" name="runScenario" time="6.189"/>
  <testcase classname="com.tutorialsNinja.Runner_Files.Runner_TestNG" name="runScenario" time="6.011"/>
  <testcase classname="com.tutorialsNinja.Runner_Files.Runner_TestNG" name="runScenario" time="6.351"/>
  <testcase classname="com.tutorialsNinja.Runner_Files.Runner_TestNG" name="runScenario" time="6.403"/>
  <testcase classname="com.tutorialsNinja.Runner_Files.Runner_TestNG" name="runScenario" time="5.534">
    <failure message="expected [true] but found [false]" type="java.lang.AssertionError">
      <![CDATA[java.lang.AssertionError: expected [true] but found [false]
at org.testng.Assert.fail(Assert.java:111)
at org.testng.Assert.failNotEquals(Assert.java:1578)
at org.testng.Assert.assertTrue(Assert.java:57)
at org.testng.Assert.assertTrue(Assert.java:67)
at com.tutorialsNinja.Step_Definition_Files.Login.user_gets_warning_message_about_credentials_mismatch(Login.java:74)
at âœ½.user gets warning message about credentials mismatch(file:///C:/Users/sarth/eclipse-workspace/BDD_Cucumber_PnT_Dec_2023_Mar_2024_Weekday_Batch/src/test/resources/feature_files/Login.feature:48)
]]>
    </failure>
  </testcase> <!-- runScenario -->
  <testcase classname="com.tutorialsNinja.Runner_Files.Runner_TestNG" name="runScenario" time="5.059"/>
  <testcase classname="com.tutorialsNinja.Runner_Files.Runner_TestNG" name="runScenario" time="6.845"/>
  <testcase classname="com.tutorialsNinja.Runner_Files.Runner_TestNG" name="runScenario" time="6.084"/>
</testsuite> <!-- com.tutorialsNinja.Runner_Files.Runner_TestNG -->
